yarn run v1.22.19
warning package.json: No license field
$ nodemon
[33m[nodemon] 1.19.4[39m
[33m[nodemon] to restart at any time, enter `rs`[39m
[33m[nodemon] watching dir(s): src/**/*[39m
[33m[nodemon] watching extensions: ts[39m
[32m[nodemon] starting `ts-node ./src/index.ts`[39m
events.js:377
      throw er; // Unhandled 'error' event
      ^

Error: EBADF: bad file descriptor, read
Emitted 'error' event on ReadStream instance at:
    at internal/fs/streams.js:173:14
    at FSReqCallback.wrapper [as oncomplete] (fs.js:563:5) {
  errno: -9,
  code: 'EBADF',
  syscall: 'read'
}
error Command failed with exit code 1.
info Visit https://yarnpkg.com/en/docs/cli/run for documentation about this command.
Error: listen EADDRINUSE: address already in use :::3500
    at Server.setupListenHandle [as _listen2] (net.js:1331:16)
    at listenInCluster (net.js:1379:12)
    at Server.listen (net.js:1465:7)
    at Function.listen (/home/azureuser/react-point-of-sale/api/node_modules/express/lib/application.js:618:24)
    at /home/azureuser/react-point-of-sale/api/src/index.ts:64:9
    at step (/home/azureuser/react-point-of-sale/api/src/index.ts:32:23)
    at Object.next (/home/azureuser/react-point-of-sale/api/src/index.ts:13:53)
    at fulfilled (/home/azureuser/react-point-of-sale/api/src/index.ts:4:58)
yarn run v1.22.19
warning package.json: No license field
$ nodemon
[33m[nodemon] 1.19.4[39m
[33m[nodemon] to restart at any time, enter `rs`[39m
[33m[nodemon] watching dir(s): src/**/*[39m
[33m[nodemon] watching extensions: ts[39m
[32m[nodemon] starting `ts-node ./src/index.ts`[39m
events.js:377
      throw er; // Unhandled 'error' event
      ^

Error: EBADF: bad file descriptor, read
Emitted 'error' event on ReadStream instance at:
    at internal/fs/streams.js:173:14
    at FSReqCallback.wrapper [as oncomplete] (fs.js:563:5) {
  errno: -9,
  code: 'EBADF',
  syscall: 'read'
}
error Command failed with exit code 1.
info Visit https://yarnpkg.com/en/docs/cli/run for documentation about this command.
Error: listen EADDRINUSE: address already in use :::3500
    at Server.setupListenHandle [as _listen2] (net.js:1331:16)
    at listenInCluster (net.js:1379:12)
    at Server.listen (net.js:1465:7)
    at Function.listen (/home/azureuser/react-point-of-sale/api/node_modules/express/lib/application.js:618:24)
    at /home/azureuser/react-point-of-sale/api/src/index.ts:64:9
    at step (/home/azureuser/react-point-of-sale/api/src/index.ts:32:23)
    at Object.next (/home/azureuser/react-point-of-sale/api/src/index.ts:13:53)
    at fulfilled (/home/azureuser/react-point-of-sale/api/src/index.ts:4:58)
yarn run v1.22.19
warning package.json: No license field
$ nodemon
[33m[nodemon] 1.19.4[39m
[33m[nodemon] to restart at any time, enter `rs`[39m
[33m[nodemon] watching dir(s): src/**/*[39m
[33m[nodemon] watching extensions: ts[39m
[32m[nodemon] starting `ts-node ./src/index.ts`[39m
events.js:377
      throw er; // Unhandled 'error' event
      ^

Error: EBADF: bad file descriptor, read
Emitted 'error' event on ReadStream instance at:
    at internal/fs/streams.js:173:14
    at FSReqCallback.wrapper [as oncomplete] (fs.js:563:5) {
  errno: -9,
  code: 'EBADF',
  syscall: 'read'
}
error Command failed with exit code 1.
info Visit https://yarnpkg.com/en/docs/cli/run for documentation about this command.
Error: listen EADDRINUSE: address already in use :::3500
    at Server.setupListenHandle [as _listen2] (net.js:1331:16)
    at listenInCluster (net.js:1379:12)
    at Server.listen (net.js:1465:7)
    at Function.listen (/home/azureuser/react-point-of-sale/api/node_modules/express/lib/application.js:618:24)
    at /home/azureuser/react-point-of-sale/api/src/index.ts:64:9
    at step (/home/azureuser/react-point-of-sale/api/src/index.ts:32:23)
    at Object.next (/home/azureuser/react-point-of-sale/api/src/index.ts:13:53)
    at fulfilled (/home/azureuser/react-point-of-sale/api/src/index.ts:4:58)
yarn run v1.22.19
warning package.json: No license field
$ nodemon
[33m[nodemon] 1.19.4[39m
[33m[nodemon] to restart at any time, enter `rs`[39m
[33m[nodemon] watching dir(s): src/**/*[39m
[33m[nodemon] watching extensions: ts[39m
[32m[nodemon] starting `ts-node ./src/index.ts`[39m
events.js:377
      throw er; // Unhandled 'error' event
      ^

Error: EBADF: bad file descriptor, read
Emitted 'error' event on ReadStream instance at:
    at internal/fs/streams.js:173:14
    at FSReqCallback.wrapper [as oncomplete] (fs.js:563:5) {
  errno: -9,
  code: 'EBADF',
  syscall: 'read'
}
error Command failed with exit code 1.
info Visit https://yarnpkg.com/en/docs/cli/run for documentation about this command.
Error: listen EADDRINUSE: address already in use :::3500
    at Server.setupListenHandle [as _listen2] (net.js:1331:16)
    at listenInCluster (net.js:1379:12)
    at Server.listen (net.js:1465:7)
    at Function.listen (/home/azureuser/react-point-of-sale/api/node_modules/express/lib/application.js:618:24)
    at /home/azureuser/react-point-of-sale/api/src/index.ts:64:9
    at step (/home/azureuser/react-point-of-sale/api/src/index.ts:32:23)
    at Object.next (/home/azureuser/react-point-of-sale/api/src/index.ts:13:53)
    at fulfilled (/home/azureuser/react-point-of-sale/api/src/index.ts:4:58)
